<?xml version="1.0" encoding="UTF-8"?>
<!-- Generated by org.testng.reporters.JUnitReportReporter -->
<testsuite hostname="LAPTOP-21TTL97P" failures="0" tests="1" name="testcases.HomeLoanTest" time="0.001" errors="0" timestamp="16 Apr 2023 04:53:27 GMT" skipped="0">
  <testcase classname="testcases.HomeLoanTest" name="test2" time="0.001"/>
</testsuite> <!-- testcases.HomeLoanTest -->
